Removed Pin From Net: NetName=GND Pin=C27-2
Removed Pin From Net: NetName=GND Pin=C31-2
Removed Pin From Net: NetName=5V Pin=C32-1
Removed Pin From Net: NetName=GND Pin=C32-2
Removed Pin From Net: NetName=5V Pin=C33-1
Removed Pin From Net: NetName=GND Pin=C33-2
Removed Pin From Net: NetName=5V Pin=C34-1
Removed Pin From Net: NetName=GND Pin=C34-2
Removed Pin From Net: NetName=GND Pin=D4-1
Removed Pin From Net: NetName=GND Pin=D5-1
Removed Pin From Net: NetName=GND Pin=D6-1
Removed Pin From Net: NetName=GND Pin=D7-1
Removed Pin From Net: NetName=GND Pin=D8-1
Removed Pin From Net: NetName=GND Pin=D9-1
Removed Pin From Net: NetName=GND Pin=D10-1
Removed Pin From Net: NetName=GND Pin=IC2-1
Removed Pin From Net: NetName=3.3V Pin=IC2-2
Removed Pin From Net: NetName=PWM1 Pin=IC2-6
Removed Pin From Net: NetName=PWM2 Pin=IC2-7
Removed Pin From Net: NetName=Battery Pin=IC2-12
Removed Pin From Net: NetName=PWM5 Pin=IC2-18
Removed Pin From Net: NetName=PWM6 Pin=IC2-19
Removed Pin From Net: NetName=PWM3 Pin=IC2-20
Removed Pin From Net: NetName=PWM4 Pin=IC2-21
Removed Pin From Net: NetName=PWM7 Pin=IC2-22
Removed Pin From Net: NetName=PWM8 Pin=IC2-23
Removed Pin From Net: NetName=SDA_TEMP Pin=IC2-31
Removed Pin From Net: NetName=SCL_TEMP Pin=IC2-32
Removed Pin From Net: NetName=SDA Pin=IC2-38
Removed Pin From Net: NetName=SCL Pin=IC2-39
Removed Pin From Net: NetName=GND Pin=IC2-40
Removed Pin From Net: NetName=GND Pin=IC2-41
Removed Pin From Net: NetName=GND Pin=IC2-42
Removed Pin From Net: NetName=GND Pin=IC2-43
Removed Pin From Net: NetName=GND Pin=IC2-44
Removed Pin From Net: NetName=GND Pin=IC2-45
Removed Pin From Net: NetName=GND Pin=IC2-46
Removed Pin From Net: NetName=GND Pin=IC2-47
Removed Pin From Net: NetName=GND Pin=IC2-48
Removed Pin From Net: NetName=GND Pin=IC2-49
Removed Pin From Net: NetName=5V Pin=IC7-1
Removed Pin From Net: NetName=5V Pin=IC11-1
Removed Pin From Net: NetName=5V Pin=IC12-1
Removed Pin From Net: NetName=3.3V Pin=J1-2
Removed Pin From Net: NetName=GND Pin=J1-4
Removed Pin From Net: NetName=GND Pin=J2-A1
Removed Pin From Net: NetName=GND Pin=J2-A12
Removed Pin From Net: NetName=GND Pin=J2-MH1
Removed Pin From Net: NetName=GND Pin=J2-MH2
Removed Pin From Net: NetName=GND Pin=J2-MH3
Removed Pin From Net: NetName=GND Pin=J2-MH4
Removed Pin From Net: NetName=GND Pin=J3-5
Removed Pin From Net: NetName=GND Pin=J3-MP1
Removed Pin From Net: NetName=GND Pin=J3-MP2
Removed Pin From Net: NetName=GND Pin=J3-MP3
Removed Pin From Net: NetName=GND Pin=J3-MP4
Removed Pin From Net: NetName=GND Pin=J3-MP5
Removed Pin From Net: NetName=GND Pin=J3-MP6
Removed Pin From Net: NetName=3.3V Pin=R16-2
Removed Pin From Net: NetName=3.3V Pin=R17-2
Removed Pin From Net: NetName=GND Pin=R18-1
Removed Pin From Net: NetName=GND Pin=R21-1
Removed Pin From Net: NetName=GND Pin=S1-1
Removed Pin From Net: NetName=GND Pin=S1-2
Removed Pin From Net: NetName=GND Pin=S-1
Removed Pin From Net: NetName=GND Pin=S-2
Removed Member From Class: ClassName=MCU Member=C27
Removed Member From Class: ClassName=MCU Member=C31
Removed Member From Class: ClassName=MCU Member=IC2
Removed Member From Class: ClassName=MCU Member=R16
Removed Member From Class: ClassName=MCU Member=R17
Removed Member From Class: ClassName=MCU Member=S1
Removed Member From Class: ClassName=MCU Member=S
Change Component Comment : Designator=C26 Old Comment=1uF New Comment=100nF
Change Component Designator: OldDesignator=GND NewDesignator=CON14
Change Component Designator: OldDesignator=VCC NewDesignator=CON4
Added Component: Designator=U1(MODULE_ESP32-DEVKITC-32E)
Add component (AddParameter): Name = "Check_prices"; Value = "https://www.snapeda.com/parts/ESP32-DEVKITC-32E/Espressif+Systems/view-part/?ref=eda"; VariantName = "[No Variations]"
Add component (AddParameter): Name = "MF"; Value = "Espressif Systems"; VariantName = "[No Variations]"
Add component (AddParameter): Name = "MP"; Value = "ESP32-DEVKITC-32E"; VariantName = "[No Variations]"
Add component (AddParameter): Name = "Package"; Value = "None"; VariantName = "[No Variations]"
Add component (AddParameter): Name = "SnapEDA_Link"; Value = "https://www.snapeda.com/parts/ESP32-DEVKITC-32E/Espressif+Systems/view-part/?ref=snap"; VariantName = "[No Variations]"
Add component (AddParameter): Name = "Value"; Value = ""; VariantName = "[No Variations]"
Added Pin To Net: NetName=3.3V Pin=U1-J2_1
Added Pin To Net: NetName=Battery Pin=U1-J2_5
Added Pin To Net: NetName=PWM5 Pin=U1-J2_7
Added Pin To Net: NetName=PWM6 Pin=U1-J2_8
Added Pin To Net: NetName=PWM3 Pin=U1-J2_9
Added Pin To Net: NetName=PWM4 Pin=U1-J2_10
Added Pin To Net: NetName=PWM7 Pin=U1-J2_11
Added Pin To Net: NetName=PWM8 Pin=U1-J2_12
Added Pin To Net: NetName=GND Pin=U1-J2_14
Added Pin To Net: NetName=GND Pin=U1-J3_1
Added Pin To Net: NetName=SDA Pin=U1-J3_2
Added Pin To Net: NetName=SCL Pin=U1-J3_3
Added Pin To Net: NetName=GND Pin=U1-J3_7
Added Pin To Net: NetName=SDA_TEMP Pin=U1-J3_8
Added Pin To Net: NetName=SCL_TEMP Pin=U1-J3_9
Added Pin To Net: NetName=PWM1 Pin=U1-J3_15
Added Pin To Net: NetName=PWM2 Pin=U1-J3_16
Added Pin To Net: NetName=NetC26_1 Pin=C26-1
Added Pin To Net: NetName=NetC26_1 Pin=R5-1
Added Pin To Net: NetName=NetC26_1 Pin=U1-J2_2
Added Net: Name=NetC26_1
Added Member To Class: ClassName=MCU Member=Component U1 ESP32-DEVKITC-32E
