Removed Pin From Net: NetName=USB_D- Pin=J2-2
Removed Pin From Net: NetName=USB_D+ Pin=J2-3
Removed Pin From Net: NetName=GND Pin=J2-5
Removed Pin From Net: NetName=GND Pin=J2-MP2
Removed Pin From Net: NetName=GND Pin=J2-MP3
Removed Pin From Net: NetName=GND Pin=J2-MP4
Removed Pin From Net: NetName=GND Pin=J2-MP5
Removed Pin From Net: NetName=GND Pin=J2-MP6
Change Component Footprint: Designator=J2 Old Footprint=0473461001 New Footprint=USB4500030A
Change Component Comment : Designator=J2 Old Comment=0473461001 New Comment=USB4500-03-0-A
Added Component: Designator=C26(C 0402)
Added Component: Designator=C27(C 0402)
Added Component: Designator=C28(C 0402)
Added Component: Designator=C29(C 0402)
Added Component: Designator=C30(C 0402)
Added Component: Designator=C31(C 0402)
Added Component: Designator=C32(C 0402)
Added Component: Designator=C33(C 0402)
Added Component: Designator=C34(C 0402)
Added Component: Designator=D4(LESD5D50CT1G)
Add component (AddParameter): Name = "Arrow Part Number"; Value = ""; VariantName = "[No Variations]"
Add component (AddParameter): Name = "Arrow Price/Stock"; Value = ""; VariantName = "[No Variations]"
Add component (AddParameter): Name = "Datasheet Link"; Value = ""; VariantName = "[No Variations]"
Add component (AddParameter): Name = "Height"; Value = "0.7mm"; VariantName = "[No Variations]"
Add component (AddParameter): Name = "Manufacturer_Name"; Value = "LRC"; VariantName = "[No Variations]"
Add component (AddParameter): Name = "Manufacturer_Part_Number"; Value = "LESD5D5.0CT1G"; VariantName = "[No Variations]"
Add component (AddParameter): Name = "Mouser Part Number"; Value = ""; VariantName = "[No Variations]"
Add component (AddParameter): Name = "Mouser Price/Stock"; Value = ""; VariantName = "[No Variations]"
Added Component: Designator=D5(LESD5D50CT1G)
Add component (AddParameter): Name = "Arrow Part Number"; Value = ""; VariantName = "[No Variations]"
Add component (AddParameter): Name = "Arrow Price/Stock"; Value = ""; VariantName = "[No Variations]"
Add component (AddParameter): Name = "Datasheet Link"; Value = ""; VariantName = "[No Variations]"
Add component (AddParameter): Name = "Height"; Value = "0.7mm"; VariantName = "[No Variations]"
Add component (AddParameter): Name = "Manufacturer_Name"; Value = "LRC"; VariantName = "[No Variations]"
Add component (AddParameter): Name = "Manufacturer_Part_Number"; Value = "LESD5D5.0CT1G"; VariantName = "[No Variations]"
Add component (AddParameter): Name = "Mouser Part Number"; Value = ""; VariantName = "[No Variations]"
Add component (AddParameter): Name = "Mouser Price/Stock"; Value = ""; VariantName = "[No Variations]"
Added Component: Designator=D6(LESD5D50CT1G)
Add component (AddParameter): Name = "Arrow Part Number"; Value = ""; VariantName = "[No Variations]"
Add component (AddParameter): Name = "Arrow Price/Stock"; Value = ""; VariantName = "[No Variations]"
Add component (AddParameter): Name = "Datasheet Link"; Value = ""; VariantName = "[No Variations]"
Add component (AddParameter): Name = "Height"; Value = "0.7mm"; VariantName = "[No Variations]"
Add component (AddParameter): Name = "Manufacturer_Name"; Value = "LRC"; VariantName = "[No Variations]"
Add component (AddParameter): Name = "Manufacturer_Part_Number"; Value = "LESD5D5.0CT1G"; VariantName = "[No Variations]"
Add component (AddParameter): Name = "Mouser Part Number"; Value = ""; VariantName = "[No Variations]"
Add component (AddParameter): Name = "Mouser Price/Stock"; Value = ""; VariantName = "[No Variations]"
Added Component: Designator=D7(LESD5D50CT1G)
Add component (AddParameter): Name = "Arrow Part Number"; Value = ""; VariantName = "[No Variations]"
Add component (AddParameter): Name = "Arrow Price/Stock"; Value = ""; VariantName = "[No Variations]"
Add component (AddParameter): Name = "Datasheet Link"; Value = ""; VariantName = "[No Variations]"
Add component (AddParameter): Name = "Height"; Value = "0.7mm"; VariantName = "[No Variations]"
Add component (AddParameter): Name = "Manufacturer_Name"; Value = "LRC"; VariantName = "[No Variations]"
Add component (AddParameter): Name = "Manufacturer_Part_Number"; Value = "LESD5D5.0CT1G"; VariantName = "[No Variations]"
Add component (AddParameter): Name = "Mouser Part Number"; Value = ""; VariantName = "[No Variations]"
Add component (AddParameter): Name = "Mouser Price/Stock"; Value = ""; VariantName = "[No Variations]"
Added Component: Designator=D8(LESD5D50CT1G)
Add component (AddParameter): Name = "Arrow Part Number"; Value = ""; VariantName = "[No Variations]"
Add component (AddParameter): Name = "Arrow Price/Stock"; Value = ""; VariantName = "[No Variations]"
Add component (AddParameter): Name = "Datasheet Link"; Value = ""; VariantName = "[No Variations]"
Add component (AddParameter): Name = "Height"; Value = "0.7mm"; VariantName = "[No Variations]"
Add component (AddParameter): Name = "Manufacturer_Name"; Value = "LRC"; VariantName = "[No Variations]"
Add component (AddParameter): Name = "Manufacturer_Part_Number"; Value = "LESD5D5.0CT1G"; VariantName = "[No Variations]"
Add component (AddParameter): Name = "Mouser Part Number"; Value = ""; VariantName = "[No Variations]"
Add component (AddParameter): Name = "Mouser Price/Stock"; Value = ""; VariantName = "[No Variations]"
Added Component: Designator=D9(LESD5D50CT1G)
Add component (AddParameter): Name = "Arrow Part Number"; Value = ""; VariantName = "[No Variations]"
Add component (AddParameter): Name = "Arrow Price/Stock"; Value = ""; VariantName = "[No Variations]"
Add component (AddParameter): Name = "Datasheet Link"; Value = ""; VariantName = "[No Variations]"
Add component (AddParameter): Name = "Height"; Value = "0.7mm"; VariantName = "[No Variations]"
Add component (AddParameter): Name = "Manufacturer_Name"; Value = "LRC"; VariantName = "[No Variations]"
Add component (AddParameter): Name = "Manufacturer_Part_Number"; Value = "LESD5D5.0CT1G"; VariantName = "[No Variations]"
Add component (AddParameter): Name = "Mouser Part Number"; Value = ""; VariantName = "[No Variations]"
Add component (AddParameter): Name = "Mouser Price/Stock"; Value = ""; VariantName = "[No Variations]"
Added Component: Designator=D10(LESD5D50CT1G)
Add component (AddParameter): Name = "Arrow Part Number"; Value = ""; VariantName = "[No Variations]"
Add component (AddParameter): Name = "Arrow Price/Stock"; Value = ""; VariantName = "[No Variations]"
Add component (AddParameter): Name = "Datasheet Link"; Value = ""; VariantName = "[No Variations]"
Add component (AddParameter): Name = "Height"; Value = "0.7mm"; VariantName = "[No Variations]"
Add component (AddParameter): Name = "Manufacturer_Name"; Value = "LRC"; VariantName = "[No Variations]"
Add component (AddParameter): Name = "Manufacturer_Part_Number"; Value = "LESD5D5.0CT1G"; VariantName = "[No Variations]"
Add component (AddParameter): Name = "Mouser Part Number"; Value = ""; VariantName = "[No Variations]"
Add component (AddParameter): Name = "Mouser Price/Stock"; Value = ""; VariantName = "[No Variations]"
Added Component: Designator=IC11(SOD2513X120N)
Add component (AddParameter): Name = "Arrow Part Number"; Value = ""; VariantName = "[No Variations]"
Add component (AddParameter): Name = "Arrow Price/Stock"; Value = ""; VariantName = "[No Variations]"
Add component (AddParameter): Name = "Datasheet Link"; Value = "https://www.diodes.com/assets/Datasheets/ds30498.pdf"; VariantName = "[No Variations]"
Add component (AddParameter): Name = "Height"; Value = "1.2mm"; VariantName = "[No Variations]"
Add component (AddParameter): Name = "Manufacturer_Name"; Value = "Lattice Semiconductor"; VariantName = "[No Variations]"
Add component (AddParameter): Name = "Manufacturer_Part_Number"; Value = "BAT760-7"; VariantName = "[No Variations]"
Add component (AddParameter): Name = "Mouser Part Number"; Value = "N/A"; VariantName = "[No Variations]"
Add component (AddParameter): Name = "Mouser Price/Stock"; Value = "https://www.mouser.com/Search/Refine.aspx?Keyword=N%2FA"; VariantName = "[No Variations]"
Added Component: Designator=IC12(SOD2513X120N)
Add component (AddParameter): Name = "Arrow Part Number"; Value = ""; VariantName = "[No Variations]"
Add component (AddParameter): Name = "Arrow Price/Stock"; Value = ""; VariantName = "[No Variations]"
Add component (AddParameter): Name = "Datasheet Link"; Value = "https://www.diodes.com/assets/Datasheets/ds30498.pdf"; VariantName = "[No Variations]"
Add component (AddParameter): Name = "Height"; Value = "1.2mm"; VariantName = "[No Variations]"
Add component (AddParameter): Name = "Manufacturer_Name"; Value = "Lattice Semiconductor"; VariantName = "[No Variations]"
Add component (AddParameter): Name = "Manufacturer_Part_Number"; Value = "BAT760-7"; VariantName = "[No Variations]"
Add component (AddParameter): Name = "Mouser Part Number"; Value = "N/A"; VariantName = "[No Variations]"
Add component (AddParameter): Name = "Mouser Price/Stock"; Value = "https://www.mouser.com/Search/Refine.aspx?Keyword=N%2FA"; VariantName = "[No Variations]"
Added Component: Designator=J3(0473461001)
Add component (AddParameter): Name = "Arrow Part Number"; Value = "0473461001"; VariantName = "[No Variations]"
Add component (AddParameter): Name = "Arrow Price/Stock"; Value = "https://www.arrow.com/en/products/0473461001/molex?region=nac"; VariantName = "[No Variations]"
Add component (AddParameter): Name = "Datasheet Link"; Value = "https://componentsearchengine.com/Datasheets/1/0473461001.pdf"; VariantName = "[No Variations]"
Add component (AddParameter): Name = "Height"; Value = "2.45mm"; VariantName = "[No Variations]"
Add component (AddParameter): Name = "Manufacturer_Name"; Value = "Molex"; VariantName = "[No Variations]"
Add component (AddParameter): Name = "Manufacturer_Part_Number"; Value = "0473461001"; VariantName = "[No Variations]"
Add component (AddParameter): Name = "Mouser Part Number"; Value = "N/A"; VariantName = "[No Variations]"
Add component (AddParameter): Name = "Mouser Price/Stock"; Value = "https://www.mouser.co.uk/ProductDetail/Molex/0473461001?qs=2bnkQPT%252BPafTZgGVt%2FOGfA%3D%3D"; VariantName = "[No Variations]"
Added Component: Designator=R5(R 0402)
Added Component: Designator=R16(R 0402)
Added Component: Designator=R17(R 0402)
Added Component: Designator=R18(R 0402)
Added Component: Designator=R21(R 0402)
Added Component: Designator=S1(PTS810SJG250SMTRLFS)
Add component (AddParameter): Name = "Availability"; Value = "Unavailable"; VariantName = "[No Variations]"
Add component (AddParameter): Name = "MF"; Value = "C&K"; VariantName = "[No Variations]"
Add component (AddParameter): Name = "MP"; Value = "PTS810SJK250SMTRLFS"; VariantName = "[No Variations]"
Add component (AddParameter): Name = "Package"; Value = "None"; VariantName = "[No Variations]"
Add component (AddParameter): Name = "Price"; Value = "None"; VariantName = "[No Variations]"
Add component (AddParameter): Name = "SnapEDA_Link"; Value = "https://www.snapeda.com/parts/PTS810SJK250SMTRLFS/C%26K/view-part/274682/?ref=snap"; VariantName = "[No Variations]"
Add component (AddParameter): Name = "Value"; Value = ""; VariantName = "[No Variations]"
Added Component: Designator=S(PTS810SJG250SMTRLFS)
Add component (AddParameter): Name = "Availability"; Value = "Unavailable"; VariantName = "[No Variations]"
Add component (AddParameter): Name = "MF"; Value = "C&K"; VariantName = "[No Variations]"
Add component (AddParameter): Name = "MP"; Value = "PTS810SJK250SMTRLFS"; VariantName = "[No Variations]"
Add component (AddParameter): Name = "Package"; Value = "None"; VariantName = "[No Variations]"
Add component (AddParameter): Name = "Price"; Value = "None"; VariantName = "[No Variations]"
Add component (AddParameter): Name = "SnapEDA_Link"; Value = "https://www.snapeda.com/parts/PTS810SJK250SMTRLFS/C%26K/view-part/274682/?ref=snap"; VariantName = "[No Variations]"
Add component (AddParameter): Name = "Value"; Value = ""; VariantName = "[No Variations]"
Added Pin To Net: NetName=EN Pin=C26-1
Added Pin To Net: NetName=GND Pin=C26-2
Added Pin To Net: NetName=IO0 Pin=C27-1
Added Pin To Net: NetName=GND Pin=C27-2
Added Pin To Net: NetName=3.3V Pin=C28-1
Added Pin To Net: NetName=GND Pin=C28-2
Added Pin To Net: NetName=3.3V Pin=C29-1
Added Pin To Net: NetName=GND Pin=C29-2
Added Pin To Net: NetName=3.3V Pin=C30-1
Added Pin To Net: NetName=GND Pin=C30-2
Added Pin To Net: NetName=EN Pin=C31-1
Added Pin To Net: NetName=GND Pin=C31-2
Added Pin To Net: NetName=5V Pin=C32-1
Added Pin To Net: NetName=GND Pin=C32-2
Added Pin To Net: NetName=5V Pin=C33-1
Added Pin To Net: NetName=GND Pin=C33-2
Added Pin To Net: NetName=5V Pin=C34-1
Added Pin To Net: NetName=GND Pin=C34-2
Added Pin To Net: NetName=GND Pin=D4-1
Added Pin To Net: NetName=USB_D+ Pin=D4-2
Added Pin To Net: NetName=GND Pin=D5-1
Added Pin To Net: NetName=USB_D- Pin=D5-2
Added Pin To Net: NetName=GND Pin=D6-1
Added Pin To Net: NetName=GND Pin=D7-1
Added Pin To Net: NetName=GND Pin=D8-1
Added Pin To Net: NetName=USB_D- Pin=D8-2
Added Pin To Net: NetName=GND Pin=D9-1
Added Pin To Net: NetName=USB_D+ Pin=D9-2
Added Pin To Net: NetName=GND Pin=D10-1
Added Pin To Net: NetName=5V Pin=IC11-1
Added Pin To Net: NetName=5V Pin=IC12-1
Added Pin To Net: NetName=GND Pin=J2-A1
Added Pin To Net: NetName=USB_D+ Pin=J2-A6
Added Pin To Net: NetName=USB_D- Pin=J2-A7
Added Pin To Net: NetName=GND Pin=J2-A12
Added Pin To Net: NetName=USB_D+ Pin=J2-B6
Added Pin To Net: NetName=USB_D- Pin=J2-B7
Added Pin To Net: NetName=GND Pin=J2-MH1
Added Pin To Net: NetName=GND Pin=J2-MH2
Added Pin To Net: NetName=GND Pin=J2-MH3
Added Pin To Net: NetName=GND Pin=J2-MH4
Added Pin To Net: NetName=USB_D- Pin=J3-2
Added Pin To Net: NetName=USB_D+ Pin=J3-3
Added Pin To Net: NetName=GND Pin=J3-5
Added Pin To Net: NetName=GND Pin=J3-MP1
Added Pin To Net: NetName=GND Pin=J3-MP2
Added Pin To Net: NetName=GND Pin=J3-MP3
Added Pin To Net: NetName=GND Pin=J3-MP4
Added Pin To Net: NetName=GND Pin=J3-MP5
Added Pin To Net: NetName=GND Pin=J3-MP6
Added Pin To Net: NetName=EN Pin=R5-1
Added Pin To Net: NetName=3.3V Pin=R5-2
Added Pin To Net: NetName=IO0 Pin=R16-1
Added Pin To Net: NetName=3.3V Pin=R16-2
Added Pin To Net: NetName=EN Pin=R17-1
Added Pin To Net: NetName=3.3V Pin=R17-2
Added Pin To Net: NetName=GND Pin=R18-1
Added Pin To Net: NetName=GND Pin=R21-1
Added Pin To Net: NetName=GND Pin=S1-1
Added Pin To Net: NetName=GND Pin=S1-2
Added Pin To Net: NetName=EN Pin=S1-3
Added Pin To Net: NetName=EN Pin=S1-4
Added Pin To Net: NetName=GND Pin=S-1
Added Pin To Net: NetName=GND Pin=S-2
Added Pin To Net: NetName=IO0 Pin=S-3
Added Pin To Net: NetName=IO0 Pin=S-4
Added Pin To Net: NetName=NetD6_2 Pin=D6-2
Added Pin To Net: NetName=NetD6_2 Pin=IC12-2
Added Pin To Net: NetName=NetD6_2 Pin=J2-A9
Added Net: Name=NetD6_2
Added Pin To Net: NetName=NetD7_2 Pin=D7-2
Added Pin To Net: NetName=NetD7_2 Pin=IC7-2
Added Pin To Net: NetName=NetD7_2 Pin=J2-A4
Added Net: Name=NetD7_2
Added Pin To Net: NetName=NetD10_2 Pin=D10-2
Added Pin To Net: NetName=NetD10_2 Pin=IC11-2
Added Pin To Net: NetName=NetD10_2 Pin=J3-1
Added Net: Name=NetD10_2
Added Pin To Net: NetName=NetJ2_A5 Pin=J2-A5
Added Pin To Net: NetName=NetJ2_A5 Pin=R18-2
Added Net: Name=NetJ2_A5
Added Pin To Net: NetName=NetJ2_B5 Pin=J2-B5
Added Pin To Net: NetName=NetJ2_B5 Pin=R21-2
Added Net: Name=NetJ2_B5
Added Member To Class: ClassName=MCU Member=Component C26 1uF
Added Member To Class: ClassName=MCU Member=Component C27 0.1uF
Added Member To Class: ClassName=MCU Member=Component C28 100nF
Added Member To Class: ClassName=MCU Member=Component C29 10uF
Added Member To Class: ClassName=MCU Member=Component C30 0.1uF
Added Member To Class: ClassName=MCU Member=Component C31 0.1uF
Added Member To Class: ClassName=INTERFACE Member=Component C32 10uF
Added Member To Class: ClassName=INTERFACE Member=Component C33 10uF
Added Member To Class: ClassName=INTERFACE Member=Component C34 10uF
Added Member To Class: ClassName=INTERFACE Member=Component D4 LESD5D5.0CT1G
Added Member To Class: ClassName=INTERFACE Member=Component D5 LESD5D5.0CT1G
Added Member To Class: ClassName=INTERFACE Member=Component D6 LESD5D5.0CT1G
Added Member To Class: ClassName=INTERFACE Member=Component D7 LESD5D5.0CT1G
Added Member To Class: ClassName=INTERFACE Member=Component D8 LESD5D5.0CT1G
Added Member To Class: ClassName=INTERFACE Member=Component D9 LESD5D5.0CT1G
Added Member To Class: ClassName=INTERFACE Member=Component D10 LESD5D5.0CT1G
Added Member To Class: ClassName=INTERFACE Member=Component IC11 BAT760-7
Added Member To Class: ClassName=INTERFACE Member=Component IC12 BAT760-7
Added Member To Class: ClassName=INTERFACE Member=Component J3 0473461001
Added Member To Class: ClassName=MCU Member=Component R5 10k
Added Member To Class: ClassName=MCU Member=Component R16 10k
Added Member To Class: ClassName=MCU Member=Component R17 10k
Added Member To Class: ClassName=INTERFACE Member=Component R18 10k
Added Member To Class: ClassName=INTERFACE Member=Component R21 10k
Added Member To Class: ClassName=MCU Member=Component S1 PTS810SJK250SMTRLFS
Added Member To Class: ClassName=MCU Member=Component S PTS810SJK250SMTRLFS
