Removed Pin From Net: NetName=12V Pin=C1-1
Removed Pin From Net: NetName=12V Pin=C2-1
Removed Pin From Net: NetName=12V Pin=C3-1
Removed Pin From Net: NetName=12V Pin=C13-1
Removed Pin From Net: NetName=12V Pin=C14-1
Removed Pin From Net: NetName=12V Pin=C15-1
Removed Pin From Net: NetName=12V Pin=C16-1
Removed Pin From Net: NetName=12V Pin=C17-1
Removed Pin From Net: NetName=12V Pin=C18-1
Removed Pin From Net: NetName=12V Pin=C19-1
Removed Pin From Net: NetName=12V Pin=C20-1
Removed Pin From Net: NetName=12V Pin=C22-1
Removed Pin From Net: NetName=12V Pin=C23-1
Removed Pin From Net: NetName=12V Pin=D1-1
Removed Pin From Net: NetName=12V Pin=IC3-5
Removed Pin From Net: NetName=12V Pin=IC4-5
Removed Pin From Net: NetName=12V Pin=IC5-5
Removed Pin From Net: NetName=12V Pin=IC6-3
Removed Pin From Net: NetName=12V Pin=IC7-1
Removed Pin From Net: NetName=12V Pin=IC7-3
Removed Pin From Net: NetName=12V Pin=IC8-5
Removed Pin From Net: NetName=12V Pin=Q1-1
Removed Pin From Net: NetName=12V Pin=Q1-2
Removed Pin From Net: NetName=12V Pin=Q1-3
Change Net Name : Old Net Name=12V New Net Name=GND
Added Pin To Net: NetName=12V Pin=C1-1
Added Pin To Net: NetName=12V Pin=C2-1
Added Pin To Net: NetName=12V Pin=C3-1
Added Pin To Net: NetName=12V Pin=C13-1
Added Pin To Net: NetName=12V Pin=C14-1
Added Pin To Net: NetName=12V Pin=C15-1
Added Pin To Net: NetName=12V Pin=C16-1
Added Pin To Net: NetName=12V Pin=C17-1
Added Pin To Net: NetName=12V Pin=C18-1
Added Pin To Net: NetName=12V Pin=C19-1
Added Pin To Net: NetName=12V Pin=C20-1
Added Pin To Net: NetName=12V Pin=C22-1
Added Pin To Net: NetName=12V Pin=C23-1
Added Pin To Net: NetName=12V Pin=D1-1
Added Pin To Net: NetName=12V Pin=IC3-5
Added Pin To Net: NetName=12V Pin=IC4-5
Added Pin To Net: NetName=12V Pin=IC5-5
Added Pin To Net: NetName=12V Pin=IC6-3
Added Pin To Net: NetName=12V Pin=IC7-1
Added Pin To Net: NetName=12V Pin=IC7-3
Added Pin To Net: NetName=12V Pin=IC8-5
Added Pin To Net: NetName=12V Pin=Q1-1
Added Pin To Net: NetName=12V Pin=Q1-2
Added Pin To Net: NetName=12V Pin=Q1-3
Added Net: Name=12V
Added Member To Class: ClassName=MCU Member=Component IC1 HDC1080DMBR
Added Room: Name=DC-DC
Added Room: Name=DC_DRIVERS
Added Room: Name=MCU
